This is pdfTeX, Version 3.141592653-2.6-1.40.26 (MiKTeX 24.4) (preloaded format=pdflatex 2024.12.3)  13 JAN 2025 13:19
entering extended mode
 restricted \write18 enabled.
 file:line:error style messages enabled.
 %&-line parsing enabled.
**"c:/Users/lucai/Documents/università/Laurea Magistrale/Laboratori/Robot Learning/ProjectWork/project-sim2real-lucaianniello/colab_template/Project_Work_Report.tex"
(c:/Users/lucai/Documents/università/Laurea Magistrale/Laboratori/Robot Learning/ProjectWork/project-sim2real-lucaianniello/colab_template/Project_Work_Report.tex
LaTeX2e <2024-11-01>
L3 programming layer <2024-11-02>
(C:\Users\lucai\AppData\Local\Programs\MiKTeX\tex/latex/base\article.cls
Document Class: article 2024/06/29 v1.4n Standard LaTeX document class
(C:\Users\lucai\AppData\Local\Programs\MiKTeX\tex/latex/base\size12.clo
File: size12.clo 2024/06/29 v1.4n Standard LaTeX file (size option)
)
\c@part=\count196
\c@section=\count197
\c@subsection=\count198
\c@subsubsection=\count199
\c@paragraph=\count266
\c@subparagraph=\count267
\c@figure=\count268
\c@table=\count269
\abovecaptionskip=\skip49
\belowcaptionskip=\skip50
\bibindent=\dimen141
) (C:\Users\lucai\AppData\Local\Programs\MiKTeX\tex/latex/amsmath\amsmath.sty
Package: amsmath 2024/11/05 v2.17t AMS math features
\@mathmargin=\skip51

For additional information on amsmath, use the `?' option.
(C:\Users\lucai\AppData\Local\Programs\MiKTeX\tex/latex/amsmath\amstext.sty
Package: amstext 2021/08/26 v2.01 AMS text
 (C:\Users\lucai\AppData\Local\Programs\MiKTeX\tex/latex/amsmath\amsgen.sty
File: amsgen.sty 1999/11/30 v2.0 generic functions
\@emptytoks=\toks17
\ex@=\dimen142
)) (C:\Users\lucai\AppData\Local\Programs\MiKTeX\tex/latex/amsmath\amsbsy.sty
Package: amsbsy 1999/11/29 v1.2d Bold Symbols
\pmbraise@=\dimen143
) (C:\Users\lucai\AppData\Local\Programs\MiKTeX\tex/latex/amsmath\amsopn.sty
Package: amsopn 2022/04/08 v2.04 operator names
)
\inf@bad=\count270
LaTeX Info: Redefining \frac on input line 233.
\uproot@=\count271
\leftroot@=\count272
LaTeX Info: Redefining \overline on input line 398.
LaTeX Info: Redefining \colon on input line 409.
\classnum@=\count273
\DOTSCASE@=\count274
LaTeX Info: Redefining \ldots on input line 495.
LaTeX Info: Redefining \dots on input line 498.
LaTeX Info: Redefining \cdots on input line 619.
\Mathstrutbox@=\box52
\strutbox@=\box53
LaTeX Info: Redefining \big on input line 721.
LaTeX Info: Redefining \Big on input line 722.
LaTeX Info: Redefining \bigg on input line 723.
LaTeX Info: Redefining \Bigg on input line 724.
\big@size=\dimen144
LaTeX Font Info:    Redeclaring font encoding OML on input line 742.
LaTeX Font Info:    Redeclaring font encoding OMS on input line 743.
\macc@depth=\count275
LaTeX Info: Redefining \bmod on input line 904.
LaTeX Info: Redefining \pmod on input line 909.
LaTeX Info: Redefining \smash on input line 939.
LaTeX Info: Redefining \relbar on input line 969.
LaTeX Info: Redefining \Relbar on input line 970.
\c@MaxMatrixCols=\count276
\dotsspace@=\muskip17
\c@parentequation=\count277
\dspbrk@lvl=\count278
\tag@help=\toks18
\row@=\count279
\column@=\count280
\maxfields@=\count281
\andhelp@=\toks19
\eqnshift@=\dimen145
\alignsep@=\dimen146
\tagshift@=\dimen147
\tagwidth@=\dimen148
\totwidth@=\dimen149
\lineht@=\dimen150
\@envbody=\toks20
\multlinegap=\skip52
\multlinetaggap=\skip53
\mathdisplay@stack=\toks21
LaTeX Info: Redefining \[ on input line 2953.
LaTeX Info: Redefining \] on input line 2954.
) (C:\Users\lucai\AppData\Local\Programs\MiKTeX\tex/latex/graphics\graphicx.sty
Package: graphicx 2021/09/16 v1.2d Enhanced LaTeX Graphics (DPC,SPQR)
 (C:\Users\lucai\AppData\Local\Programs\MiKTeX\tex/latex/graphics\keyval.sty
Package: keyval 2022/05/29 v1.15 key=value parser (DPC)
\KV@toks@=\toks22
) (C:\Users\lucai\AppData\Local\Programs\MiKTeX\tex/latex/graphics\graphics.sty
Package: graphics 2024/08/06 v1.4g Standard LaTeX Graphics (DPC,SPQR)
 (C:\Users\lucai\AppData\Local\Programs\MiKTeX\tex/latex/graphics\trig.sty
Package: trig 2023/12/02 v1.11 sin cos tan (DPC)
) (C:\Users\lucai\AppData\Local\Programs\MiKTeX\tex/latex/graphics-cfg\graphics.cfg
File: graphics.cfg 2016/06/04 v1.11 sample graphics configuration
)
Package graphics Info: Driver file: pdftex.def on input line 106.
 (C:\Users\lucai\AppData\Local\Programs\MiKTeX\tex/latex/graphics-def\pdftex.def
File: pdftex.def 2024/04/13 v1.2c Graphics/color driver for pdftex
))
\Gin@req@height=\dimen151
\Gin@req@width=\dimen152
) (C:\Users\lucai\AppData\Local\Programs\MiKTeX\tex/latex/hyperref\hyperref.sty
Package: hyperref 2024-11-05 v7.01l Hypertext links for LaTeX
 (C:\Users\lucai\AppData\Local\Programs\MiKTeX\tex/generic/iftex\iftex.sty
Package: iftex 2022/02/03 v1.0f TeX engine tests
) (C:\Users\lucai\AppData\Local\Programs\MiKTeX\tex/latex/kvsetkeys\kvsetkeys.sty
Package: kvsetkeys 2022-10-05 v1.19 Key value parser (HO)
) (C:\Users\lucai\AppData\Local\Programs\MiKTeX\tex/generic/kvdefinekeys\kvdefinekeys.sty
Package: kvdefinekeys 2019-12-19 v1.6 Define keys (HO)
) (C:\Users\lucai\AppData\Local\Programs\MiKTeX\tex/generic/pdfescape\pdfescape.sty
Package: pdfescape 2019/12/09 v1.15 Implements pdfTeX's escape features (HO)
 (C:\Users\lucai\AppData\Local\Programs\MiKTeX\tex/generic/ltxcmds\ltxcmds.sty
Package: ltxcmds 2023-12-04 v1.26 LaTeX kernel commands for general use (HO)
) (C:\Users\lucai\AppData\Local\Programs\MiKTeX\tex/generic/pdftexcmds\pdftexcmds.sty
Package: pdftexcmds 2020-06-27 v0.33 Utility functions of pdfTeX for LuaTeX (HO)
 (C:\Users\lucai\AppData\Local\Programs\MiKTeX\tex/generic/infwarerr\infwarerr.sty
Package: infwarerr 2019/12/03 v1.5 Providing info/warning/error messages (HO)
)
Package pdftexcmds Info: \pdf@primitive is available.
Package pdftexcmds Info: \pdf@ifprimitive is available.
Package pdftexcmds Info: \pdfdraftmode found.
)) (C:\Users\lucai\AppData\Local\Programs\MiKTeX\tex/latex/hycolor\hycolor.sty
Package: hycolor 2020-01-27 v1.10 Color options for hyperref/bookmark (HO)
) (C:\Users\lucai\AppData\Local\Programs\MiKTeX\tex/latex/hyperref\nameref.sty
Package: nameref 2023-11-26 v2.56 Cross-referencing by name of section
 (C:\Users\lucai\AppData\Local\Programs\MiKTeX\tex/latex/refcount\refcount.sty
Package: refcount 2019/12/15 v3.6 Data extraction from label references (HO)
) (C:\Users\lucai\AppData\Local\Programs\MiKTeX\tex/generic/gettitlestring\gettitlestring.sty
Package: gettitlestring 2019/12/15 v1.6 Cleanup title references (HO)
 (C:\Users\lucai\AppData\Local\Programs\MiKTeX\tex/latex/kvoptions\kvoptions.sty
Package: kvoptions 2022-06-15 v3.15 Key value format for package options (HO)
))
\c@section@level=\count282
) (C:\Users\lucai\AppData\Local\Programs\MiKTeX\tex/latex/etoolbox\etoolbox.sty
Package: etoolbox 2020/10/05 v2.5k e-TeX tools for LaTeX (JAW)
\etb@tempcnta=\count283
) (C:\Users\lucai\AppData\Local\Programs\MiKTeX\tex/generic/stringenc\stringenc.sty
Package: stringenc 2019/11/29 v1.12 Convert strings between diff. encodings (HO)
)
\@linkdim=\dimen153
\Hy@linkcounter=\count284
\Hy@pagecounter=\count285
 (C:\Users\lucai\AppData\Local\Programs\MiKTeX\tex/latex/hyperref\pd1enc.def
File: pd1enc.def 2024-11-05 v7.01l Hyperref: PDFDocEncoding definition (HO)
Now handling font encoding PD1 ...
... no UTF-8 mapping file for font encoding PD1
) (C:\Users\lucai\AppData\Local\Programs\MiKTeX\tex/generic/intcalc\intcalc.sty
Package: intcalc 2019/12/15 v1.3 Expandable calculations with integers (HO)
)
\Hy@SavedSpaceFactor=\count286
 (C:\Users\lucai\AppData\Local\Programs\MiKTeX\tex/latex/hyperref\puenc.def
File: puenc.def 2024-11-05 v7.01l Hyperref: PDF Unicode definition (HO)
Now handling font encoding PU ...
... no UTF-8 mapping file for font encoding PU
)
Package hyperref Info: Hyper figures OFF on input line 4157.
Package hyperref Info: Link nesting OFF on input line 4162.
Package hyperref Info: Hyper index ON on input line 4165.
Package hyperref Info: Plain pages OFF on input line 4172.
Package hyperref Info: Backreferencing OFF on input line 4177.
Package hyperref Info: Implicit mode ON; LaTeX internals redefined.
Package hyperref Info: Bookmarks ON on input line 4424.
\c@Hy@tempcnt=\count287
 (C:\Users\lucai\AppData\Local\Programs\MiKTeX\tex/latex/url\url.sty
\Urlmuskip=\muskip18
Package: url 2013/09/16  ver 3.4  Verb mode for urls, etc.
)
LaTeX Info: Redefining \url on input line 4763.
\XeTeXLinkMargin=\dimen154
 (C:\Users\lucai\AppData\Local\Programs\MiKTeX\tex/generic/bitset\bitset.sty
Package: bitset 2019/12/09 v1.3 Handle bit-vector datatype (HO)
 (C:\Users\lucai\AppData\Local\Programs\MiKTeX\tex/generic/bigintcalc\bigintcalc.sty
Package: bigintcalc 2019/12/15 v1.5 Expandable calculations on big integers (HO)
))
\Fld@menulength=\count288
\Field@Width=\dimen155
\Fld@charsize=\dimen156
Package hyperref Info: Hyper figures OFF on input line 6042.
Package hyperref Info: Link nesting OFF on input line 6047.
Package hyperref Info: Hyper index ON on input line 6050.
Package hyperref Info: backreferencing OFF on input line 6057.
Package hyperref Info: Link coloring OFF on input line 6062.
Package hyperref Info: Link coloring with OCG OFF on input line 6067.
Package hyperref Info: PDF/A mode OFF on input line 6072.
 (C:\Users\lucai\AppData\Local\Programs\MiKTeX\tex/latex/base\atbegshi-ltx.sty
Package: atbegshi-ltx 2021/01/10 v1.0c Emulation of the original atbegshi
package with kernel methods
)
\Hy@abspage=\count289
\c@Item=\count290
\c@Hfootnote=\count291
)
Package hyperref Info: Driver (autodetected): hpdftex.
 (C:\Users\lucai\AppData\Local\Programs\MiKTeX\tex/latex/hyperref\hpdftex.def
File: hpdftex.def 2024-11-05 v7.01l Hyperref driver for pdfTeX
 (C:\Users\lucai\AppData\Local\Programs\MiKTeX\tex/latex/base\atveryend-ltx.sty
Package: atveryend-ltx 2020/08/19 v1.0a Emulation of the original atveryend package
with kernel methods
)
\Fld@listcount=\count292
\c@bookmark@seq@number=\count293
 (C:\Users\lucai\AppData\Local\Programs\MiKTeX\tex/latex/rerunfilecheck\rerunfilecheck.sty
Package: rerunfilecheck 2022-07-10 v1.10 Rerun checks for auxiliary files (HO)
 (C:\Users\lucai\AppData\Local\Programs\MiKTeX\tex/generic/uniquecounter\uniquecounter.sty
Package: uniquecounter 2019/12/15 v1.4 Provide unlimited unique counter (HO)
)
Package uniquecounter Info: New unique counter `rerunfilecheck' on input line 285.
)
\Hy@SectionHShift=\skip54
) (C:\Users\lucai\AppData\Local\Programs\MiKTeX\tex/latex/geometry\geometry.sty
Package: geometry 2020/01/02 v5.9 Page Geometry
 (C:\Users\lucai\AppData\Local\Programs\MiKTeX\tex/generic/iftex\ifvtex.sty
Package: ifvtex 2019/10/25 v1.7 ifvtex legacy package. Use iftex instead.
)
\Gm@cnth=\count294
\Gm@cntv=\count295
\c@Gm@tempcnt=\count296
\Gm@bindingoffset=\dimen157
\Gm@wd@mp=\dimen158
\Gm@odd@mp=\dimen159
\Gm@even@mp=\dimen160
\Gm@layoutwidth=\dimen161
\Gm@layoutheight=\dimen162
\Gm@layouthoffset=\dimen163
\Gm@layoutvoffset=\dimen164
\Gm@dimlist=\toks23
 (C:\Users\lucai\AppData\Local\Programs\MiKTeX\tex/latex/geometry\geometry.cfg)) (C:\Users\lucai\AppData\Local\Programs\MiKTeX\tex/latex/float\float.sty
Package: float 2001/11/08 v1.3d Float enhancements (AL)
\c@float@type=\count297
\float@exts=\toks24
\float@box=\box54
\@float@everytoks=\toks25
\@floatcapt=\box55
) (C:\Users\lucai\AppData\Local\Programs\MiKTeX\tex/latex/l3backend\l3backend-pdftex.def
File: l3backend-pdftex.def 2024-05-08 L3 backend support: PDF output (pdfTeX)
\l__color_backend_stack_int=\count298
\l__pdf_internal_box=\box56
) (Project_Work_Report.aux)
\openout1 = `Project_Work_Report.aux'.

LaTeX Font Info:    Checking defaults for OML/cmm/m/it on input line 14.
LaTeX Font Info:    ... okay on input line 14.
LaTeX Font Info:    Checking defaults for OMS/cmsy/m/n on input line 14.
LaTeX Font Info:    ... okay on input line 14.
LaTeX Font Info:    Checking defaults for OT1/cmr/m/n on input line 14.
LaTeX Font Info:    ... okay on input line 14.
LaTeX Font Info:    Checking defaults for T1/cmr/m/n on input line 14.
LaTeX Font Info:    ... okay on input line 14.
LaTeX Font Info:    Checking defaults for TS1/cmr/m/n on input line 14.
LaTeX Font Info:    ... okay on input line 14.
LaTeX Font Info:    Checking defaults for OMX/cmex/m/n on input line 14.
LaTeX Font Info:    ... okay on input line 14.
LaTeX Font Info:    Checking defaults for U/cmr/m/n on input line 14.
LaTeX Font Info:    ... okay on input line 14.
LaTeX Font Info:    Checking defaults for PD1/pdf/m/n on input line 14.
LaTeX Font Info:    ... okay on input line 14.
LaTeX Font Info:    Checking defaults for PU/pdf/m/n on input line 14.
LaTeX Font Info:    ... okay on input line 14.
 (C:\Users\lucai\AppData\Local\Programs\MiKTeX\tex/context/base/mkii\supp-pdf.mkii
[Loading MPS to PDF converter (version 2006.09.02).]
\scratchcounter=\count299
\scratchdimen=\dimen165
\scratchbox=\box57
\nofMPsegments=\count300
\nofMParguments=\count301
\everyMPshowfont=\toks26
\MPscratchCnt=\count302
\MPscratchDim=\dimen166
\MPnumerator=\count303
\makeMPintoPDFobject=\count304
\everyMPtoPDFconversion=\toks27
) (C:\Users\lucai\AppData\Local\Programs\MiKTeX\tex/latex/epstopdf-pkg\epstopdf-base.sty
Package: epstopdf-base 2020-01-24 v2.11 Base part for package epstopdf
Package epstopdf-base Info: Redefining graphics rule for `.eps' on input line 485.
 (C:\Users\lucai\AppData\Local\Programs\MiKTeX\tex/latex/00miktex\epstopdf-sys.cfg
File: epstopdf-sys.cfg 2021/03/18 v2.0 Configuration of epstopdf for MiKTeX
))
Package hyperref Info: Link coloring OFF on input line 14.
 (Project_Work_Report.out) (Project_Work_Report.out)
\@outlinefile=\write3
\openout3 = `Project_Work_Report.out'.


*geometry* driver: auto-detecting
*geometry* detected driver: pdftex
*geometry* verbose mode - [ preamble ] result:
* driver: pdftex
* paper: a4paper
* layout: <same size as paper>
* layoutoffset:(h,v)=(0.0pt,0.0pt)
* modes: 
* h-part:(L,W,R)=(72.26999pt, 452.9679pt, 72.26999pt)
* v-part:(T,H,B)=(72.26999pt, 700.50687pt, 72.26999pt)
* \paperwidth=597.50787pt
* \paperheight=845.04684pt
* \textwidth=452.9679pt
* \textheight=700.50687pt
* \oddsidemargin=0.0pt
* \evensidemargin=0.0pt
* \topmargin=-37.0pt
* \headheight=12.0pt
* \headsep=25.0pt
* \topskip=12.0pt
* \footskip=30.0pt
* \marginparwidth=44.0pt
* \marginparsep=10.0pt
* \columnsep=10.0pt
* \skip\footins=10.8pt plus 4.0pt minus 2.0pt
* \hoffset=0.0pt
* \voffset=0.0pt
* \mag=1000
* \@twocolumnfalse
* \@twosidefalse
* \@mparswitchfalse
* \@reversemarginfalse
* (1in=72.27pt=25.4mm, 1cm=28.453pt)



[1

{C:/Users/lucai/AppData/Local/MiKTeX/fonts/map/pdftex/pdftex.map}]

[2]

[3]

[4]

[5]

[6]

[7]
<../images/Learning_Curve_SAC_no_rand_Source.png, id=138, 462.528pt x 346.896pt>
File: ../images/Learning_Curve_SAC_no_rand_Source.png Graphic file (type png)
<use ../images/Learning_Curve_SAC_no_rand_Source.png>
Package pdftex.def Info: ../images/Learning_Curve_SAC_no_rand_Source.png  used on input line 163.
(pdftex.def)             Requested size: 203.83417pt x 152.87819pt.
<../images/Learning_Curve_SAC_no_rand_Target.png, id=140, 462.528pt x 346.896pt>
File: ../images/Learning_Curve_SAC_no_rand_Target.png Graphic file (type png)
<use ../images/Learning_Curve_SAC_no_rand_Target.png>
Package pdftex.def Info: ../images/Learning_Curve_SAC_no_rand_Target.png  used on input line 170.
(pdftex.def)             Requested size: 203.83417pt x 152.87819pt.
<../images/Learning_Curve_PPO_no_rand_Source.png, id=141, 462.528pt x 346.896pt>
File: ../images/Learning_Curve_PPO_no_rand_Source.png Graphic file (type png)
<use ../images/Learning_Curve_PPO_no_rand_Source.png>
Package pdftex.def Info: ../images/Learning_Curve_PPO_no_rand_Source.png  used on input line 177.
(pdftex.def)             Requested size: 203.83417pt x 152.87819pt.
File: ../images/Learning_Curve_PPO_no_rand_Source.png Graphic file (type png)
<use ../images/Learning_Curve_PPO_no_rand_Source.png>
Package pdftex.def Info: ../images/Learning_Curve_PPO_no_rand_Source.png  used on input line 184.
(pdftex.def)             Requested size: 203.83417pt x 152.87819pt.


[8]

[9
pdfTeX warning (ext4): destination with the same identifier (name{figure.1}) has been already used, duplicate ignored
<argument> ...shipout:D \box_use:N \l_shipout_box 
                                                  \__shipout_drop_firstpage_...
l.210 I
       n both cases the PPO algorithm has a lower mean reward and a lower st...
pdfTeX warning (ext4): destination with the same identifier (name{figure.2}) has been already used, duplicate ignored
<argument> ...shipout:D \box_use:N \l_shipout_box 
                                                  \__shipout_drop_firstpage_...
l.210 I
       n both cases the PPO algorithm has a lower mean reward and a lower st...
pdfTeX warning (ext4): destination with the same identifier (name{figure.3}) has been already used, duplicate ignored
<argument> ...shipout:D \box_use:N \l_shipout_box 
                                                  \__shipout_drop_firstpage_...
l.210 I
       n both cases the PPO algorithm has a lower mean reward and a lower st...
pdfTeX warning (ext4): destination with the same identifier (name{figure.4}) has been already used, duplicate ignored
<argument> ...shipout:D \box_use:N \l_shipout_box 
                                                  \__shipout_drop_firstpage_...
l.210 I
       n both cases the PPO algorithm has a lower mean reward and a lower st...
pdfTeX warning (ext4): destination with the same identifier (name{table.1}) has been already used, duplicate ignored
<argument> ...shipout:D \box_use:N \l_shipout_box 
                                                  \__shipout_drop_firstpage_...
l.210 I
       n both cases the PPO algorithm has a lower mean reward and a lower st... <../images/Learning_Curve_SAC_no_rand_Source.png> <../images/Learning_Curve_SAC_no_rand_Target.png> <../images/Learning_Curve_PPO_no_rand_Source.png>]
<../images/Learning_Curve_SAC_Uniform_Source.png, id=159, 462.528pt x 346.896pt>
File: ../images/Learning_Curve_SAC_Uniform_Source.png Graphic file (type png)
<use ../images/Learning_Curve_SAC_Uniform_Source.png>
Package pdftex.def Info: ../images/Learning_Curve_SAC_Uniform_Source.png  used on input line 226.
(pdftex.def)             Requested size: 203.83417pt x 152.87819pt.
<../images/Learning_Curve_SAC_Uniform_Target.png, id=160, 462.528pt x 346.896pt>
File: ../images/Learning_Curve_SAC_Uniform_Target.png Graphic file (type png)
<use ../images/Learning_Curve_SAC_Uniform_Target.png>
Package pdftex.def Info: ../images/Learning_Curve_SAC_Uniform_Target.png  used on input line 233.
(pdftex.def)             Requested size: 203.83417pt x 152.87819pt.
<../images/Learning_Curve_PPO_Uniform_Source.png, id=161, 462.528pt x 346.896pt>
File: ../images/Learning_Curve_PPO_Uniform_Source.png Graphic file (type png)
<use ../images/Learning_Curve_PPO_Uniform_Source.png>
Package pdftex.def Info: ../images/Learning_Curve_PPO_Uniform_Source.png  used on input line 240.
(pdftex.def)             Requested size: 203.83417pt x 152.87819pt.
<../images/Learning_Curve_PPO_Uniform_Target.png, id=162, 462.528pt x 346.896pt>
File: ../images/Learning_Curve_PPO_Uniform_Target.png Graphic file (type png)
<use ../images/Learning_Curve_PPO_Uniform_Target.png>
Package pdftex.def Info: ../images/Learning_Curve_PPO_Uniform_Target.png  used on input line 247.
(pdftex.def)             Requested size: 203.83417pt x 152.87819pt.


[10]

[11
pdfTeX warning (ext4): destination with the same identifier (name{figure.5}) has been already used, duplicate ignored
<argument> ...shipout:D \box_use:N \l_shipout_box 
                                                  \__shipout_drop_firstpage_...
l.272 
      
pdfTeX warning (ext4): destination with the same identifier (name{figure.6}) has been already used, duplicate ignored
<argument> ...shipout:D \box_use:N \l_shipout_box 
                                                  \__shipout_drop_firstpage_...
l.272 
      
pdfTeX warning (ext4): destination with the same identifier (name{figure.7}) has been already used, duplicate ignored
<argument> ...shipout:D \box_use:N \l_shipout_box 
                                                  \__shipout_drop_firstpage_...
l.272 
      
pdfTeX warning (ext4): destination with the same identifier (name{figure.8}) has been already used, duplicate ignored
<argument> ...shipout:D \box_use:N \l_shipout_box 
                                                  \__shipout_drop_firstpage_...
l.272 
      
pdfTeX warning (ext4): destination with the same identifier (name{table.2}) has been already used, duplicate ignored
<argument> ...shipout:D \box_use:N \l_shipout_box 
                                                  \__shipout_drop_firstpage_...
l.272 
       <../images/Learning_Curve_SAC_Uniform_Source.png> <../images/Learning_Curve_SAC_Uniform_Target.png> <../images/Learning_Curve_PPO_Uniform_Source.png> <../images/Learning_Curve_PPO_Uniform_Target.png>]

[12]
<../images/Learning_Curve_SAC_Reducing_Source.png, id=184, 462.528pt x 346.896pt>
File: ../images/Learning_Curve_SAC_Reducing_Source.png Graphic file (type png)
<use ../images/Learning_Curve_SAC_Reducing_Source.png>
Package pdftex.def Info: ../images/Learning_Curve_SAC_Reducing_Source.png  used on input line 293.
(pdftex.def)             Requested size: 203.83417pt x 152.87819pt.
<../images/Learning_Curve_SAC_Reducing_Target.png, id=185, 462.528pt x 346.896pt>
File: ../images/Learning_Curve_SAC_Reducing_Target.png Graphic file (type png)
<use ../images/Learning_Curve_SAC_Reducing_Target.png>
Package pdftex.def Info: ../images/Learning_Curve_SAC_Reducing_Target.png  used on input line 300.
(pdftex.def)             Requested size: 203.83417pt x 152.87819pt.
<../images/Learning_curve_PPO_reducing_Source.png, id=186, 462.528pt x 346.896pt>
File: ../images/Learning_curve_PPO_reducing_Source.png Graphic file (type png)
<use ../images/Learning_curve_PPO_reducing_Source.png>
Package pdftex.def Info: ../images/Learning_curve_PPO_reducing_Source.png  used on input line 307.
(pdftex.def)             Requested size: 203.83417pt x 152.87819pt.
<../images/Learning_curve_PPO_reducing_Target.png, id=187, 462.528pt x 346.896pt>
File: ../images/Learning_curve_PPO_reducing_Target.png Graphic file (type png)
<use ../images/Learning_curve_PPO_reducing_Target.png>
Package pdftex.def Info: ../images/Learning_curve_PPO_reducing_Target.png  used on input line 314.
(pdftex.def)             Requested size: 203.83417pt x 152.87819pt.


[13
pdfTeX warning (ext4): destination with the same identifier (name{figure.9}) has been already used, duplicate ignored
<argument> ...shipout:D \box_use:N \l_shipout_box 
                                                  \__shipout_drop_firstpage_...
l.340 
      
pdfTeX warning (ext4): destination with the same identifier (name{figure.10}) has been already used, duplicate ignored
<argument> ...shipout:D \box_use:N \l_shipout_box 
                                                  \__shipout_drop_firstpage_...
l.340 
      
pdfTeX warning (ext4): destination with the same identifier (name{figure.11}) has been already used, duplicate ignored
<argument> ...shipout:D \box_use:N \l_shipout_box 
                                                  \__shipout_drop_firstpage_...
l.340 
      
pdfTeX warning (ext4): destination with the same identifier (name{figure.12}) has been already used, duplicate ignored
<argument> ...shipout:D \box_use:N \l_shipout_box 
                                                  \__shipout_drop_firstpage_...
l.340 
      
pdfTeX warning (ext4): destination with the same identifier (name{table.3}) has been already used, duplicate ignored
<argument> ...shipout:D \box_use:N \l_shipout_box 
                                                  \__shipout_drop_firstpage_...
l.340 
       <../images/Learning_Curve_SAC_Reducing_Source.png> <../images/Learning_Curve_SAC_Reducing_Target.png> <../images/Learning_curve_PPO_reducing_Source.png> <../images/Learning_curve_PPO_reducing_Target.png>]
Overfull \hbox (13.95332pt too wide) in paragraph at lines 343--343
[]\OT1/cmr/bx/n/14.4 Incremental Ranges Ex-pan-sion Do-main Ran-dom-iza-tion (IRE) 
 []

<../images/Learning_Curve_SAC_Incremental_Source.png, id=202, 462.528pt x 346.896pt>
File: ../images/Learning_Curve_SAC_Incremental_Source.png Graphic file (type png)
<use ../images/Learning_Curve_SAC_Incremental_Source.png>
Package pdftex.def Info: ../images/Learning_Curve_SAC_Incremental_Source.png  used on input line 351.
(pdftex.def)             Requested size: 203.83417pt x 152.87819pt.
<../images/Learning_Curve_SAC_Incremental_Target.png, id=203, 462.528pt x 346.896pt>
File: ../images/Learning_Curve_SAC_Incremental_Target.png Graphic file (type png)
<use ../images/Learning_Curve_SAC_Incremental_Target.png>
Package pdftex.def Info: ../images/Learning_Curve_SAC_Incremental_Target.png  used on input line 358.
(pdftex.def)             Requested size: 203.83417pt x 152.87819pt.
<../images/Learning_Curve_PPO_Incremental_Source.png, id=204, 462.528pt x 346.896pt>
File: ../images/Learning_Curve_PPO_Incremental_Source.png Graphic file (type png)
<use ../images/Learning_Curve_PPO_Incremental_Source.png>
Package pdftex.def Info: ../images/Learning_Curve_PPO_Incremental_Source.png  used on input line 365.
(pdftex.def)             Requested size: 203.83417pt x 152.87819pt.
<../images/Learning_Curve_PPO_Incremental_Target.png, id=205, 462.528pt x 346.896pt>
File: ../images/Learning_Curve_PPO_Incremental_Target.png Graphic file (type png)
<use ../images/Learning_Curve_PPO_Incremental_Target.png>
Package pdftex.def Info: ../images/Learning_Curve_PPO_Incremental_Target.png  used on input line 372.
(pdftex.def)             Requested size: 203.83417pt x 152.87819pt.


[14]

[15
pdfTeX warning (ext4): destination with the same identifier (name{figure.13}) has been already used, duplicate ignored
<argument> ...shipout:D \box_use:N \l_shipout_box 
                                                  \__shipout_drop_firstpage_...
l.397 
      
pdfTeX warning (ext4): destination with the same identifier (name{figure.14}) has been already used, duplicate ignored
<argument> ...shipout:D \box_use:N \l_shipout_box 
                                                  \__shipout_drop_firstpage_...
l.397 
      
pdfTeX warning (ext4): destination with the same identifier (name{figure.15}) has been already used, duplicate ignored
<argument> ...shipout:D \box_use:N \l_shipout_box 
                                                  \__shipout_drop_firstpage_...
l.397 
      
pdfTeX warning (ext4): destination with the same identifier (name{figure.16}) has been already used, duplicate ignored
<argument> ...shipout:D \box_use:N \l_shipout_box 
                                                  \__shipout_drop_firstpage_...
l.397 
      
pdfTeX warning (ext4): destination with the same identifier (name{table.4}) has been already used, duplicate ignored
<argument> ...shipout:D \box_use:N \l_shipout_box 
                                                  \__shipout_drop_firstpage_...
l.397 
       <../images/Learning_Curve_SAC_Incremental_Source.png> <../images/Learning_Curve_SAC_Incremental_Target.png> <../images/Learning_Curve_PPO_Incremental_Source.png> <../images/Learning_Curve_PPO_Incremental_Target.png>]
<../images/Learning_Curve_SAC_EU_Source.png, id=223, 462.528pt x 346.896pt>
File: ../images/Learning_Curve_SAC_EU_Source.png Graphic file (type png)
<use ../images/Learning_Curve_SAC_EU_Source.png>
Package pdftex.def Info: ../images/Learning_Curve_SAC_EU_Source.png  used on input line 410.
(pdftex.def)             Requested size: 203.83417pt x 152.87819pt.
<../images/Learning_Curve_SAC_EU_Target.png, id=224, 462.528pt x 346.896pt>
File: ../images/Learning_Curve_SAC_EU_Target.png Graphic file (type png)
<use ../images/Learning_Curve_SAC_EU_Target.png>
Package pdftex.def Info: ../images/Learning_Curve_SAC_EU_Target.png  used on input line 417.
(pdftex.def)             Requested size: 203.83417pt x 152.87819pt.
<../images/Learning_Curve_PPO_EU_Source.png, id=225, 462.528pt x 346.896pt>
File: ../images/Learning_Curve_PPO_EU_Source.png Graphic file (type png)
<use ../images/Learning_Curve_PPO_EU_Source.png>
Package pdftex.def Info: ../images/Learning_Curve_PPO_EU_Source.png  used on input line 424.
(pdftex.def)             Requested size: 203.83417pt x 152.87819pt.
<../images/Learning_Curve_PPO_EU_Target.png, id=226, 462.528pt x 346.896pt>
File: ../images/Learning_Curve_PPO_EU_Target.png Graphic file (type png)
<use ../images/Learning_Curve_PPO_EU_Target.png>
Package pdftex.def Info: ../images/Learning_Curve_PPO_EU_Target.png  used on input line 431.
(pdftex.def)             Requested size: 203.83417pt x 152.87819pt.


[16]

[17
pdfTeX warning (ext4): destination with the same identifier (name{figure.17}) has been already used, duplicate ignored
<argument> ...shipout:D \box_use:N \l_shipout_box 
                                                  \__shipout_drop_firstpage_...
l.456 
      
pdfTeX warning (ext4): destination with the same identifier (name{figure.18}) has been already used, duplicate ignored
<argument> ...shipout:D \box_use:N \l_shipout_box 
                                                  \__shipout_drop_firstpage_...
l.456 
      
pdfTeX warning (ext4): destination with the same identifier (name{figure.19}) has been already used, duplicate ignored
<argument> ...shipout:D \box_use:N \l_shipout_box 
                                                  \__shipout_drop_firstpage_...
l.456 
      
pdfTeX warning (ext4): destination with the same identifier (name{figure.20}) has been already used, duplicate ignored
<argument> ...shipout:D \box_use:N \l_shipout_box 
                                                  \__shipout_drop_firstpage_...
l.456 
      
pdfTeX warning (ext4): destination with the same identifier (name{table.5}) has been already used, duplicate ignored
<argument> ...shipout:D \box_use:N \l_shipout_box 
                                                  \__shipout_drop_firstpage_...
l.456 
       <../images/Learning_Curve_SAC_EU_Source.png> <../images/Learning_Curve_SAC_EU_Target.png> <../images/Learning_Curve_PPO_EU_Source.png> <../images/Learning_Curve_PPO_EU_Target.png>]
<../images/Learning_Curve_SAC_DRC_Source.png, id=244, 462.528pt x 346.896pt>
File: ../images/Learning_Curve_SAC_DRC_Source.png Graphic file (type png)
<use ../images/Learning_Curve_SAC_DRC_Source.png>
Package pdftex.def Info: ../images/Learning_Curve_SAC_DRC_Source.png  used on input line 471.
(pdftex.def)             Requested size: 203.83417pt x 152.87819pt.
<../images/Learning_Curve_SAC_DRC_Target.png, id=245, 462.528pt x 346.896pt>
File: ../images/Learning_Curve_SAC_DRC_Target.png Graphic file (type png)
<use ../images/Learning_Curve_SAC_DRC_Target.png>
Package pdftex.def Info: ../images/Learning_Curve_SAC_DRC_Target.png  used on input line 478.
(pdftex.def)             Requested size: 203.83417pt x 152.87819pt.
<../images/Learning_Curve_PPO_DRC_Source.png, id=246, 462.528pt x 346.896pt>
File: ../images/Learning_Curve_PPO_DRC_Source.png Graphic file (type png)
<use ../images/Learning_Curve_PPO_DRC_Source.png>
Package pdftex.def Info: ../images/Learning_Curve_PPO_DRC_Source.png  used on input line 485.
(pdftex.def)             Requested size: 203.83417pt x 152.87819pt.
<../images/Learning_Curve_PPO_DRC_Target.png, id=247, 462.528pt x 346.896pt>
File: ../images/Learning_Curve_PPO_DRC_Target.png Graphic file (type png)
<use ../images/Learning_Curve_PPO_DRC_Target.png>
Package pdftex.def Info: ../images/Learning_Curve_PPO_DRC_Target.png  used on input line 492.
(pdftex.def)             Requested size: 203.83417pt x 152.87819pt.


[18]

[19
pdfTeX warning (ext4): destination with the same identifier (name{figure.21}) has been already used, duplicate ignored
<argument> ...shipout:D \box_use:N \l_shipout_box 
                                                  \__shipout_drop_firstpage_...
l.517 
      
pdfTeX warning (ext4): destination with the same identifier (name{figure.22}) has been already used, duplicate ignored
<argument> ...shipout:D \box_use:N \l_shipout_box 
                                                  \__shipout_drop_firstpage_...
l.517 
      
pdfTeX warning (ext4): destination with the same identifier (name{figure.23}) has been already used, duplicate ignored
<argument> ...shipout:D \box_use:N \l_shipout_box 
                                                  \__shipout_drop_firstpage_...
l.517 
      
pdfTeX warning (ext4): destination with the same identifier (name{figure.24}) has been already used, duplicate ignored
<argument> ...shipout:D \box_use:N \l_shipout_box 
                                                  \__shipout_drop_firstpage_...
l.517 
      
pdfTeX warning (ext4): destination with the same identifier (name{table.6}) has been already used, duplicate ignored
<argument> ...shipout:D \box_use:N \l_shipout_box 
                                                  \__shipout_drop_firstpage_...
l.517 
       <../images/Learning_Curve_SAC_DRC_Source.png> <../images/Learning_Curve_SAC_DRC_Target.png> <../images/Learning_Curve_PPO_DRC_Source.png> <../images/Learning_Curve_PPO_DRC_Target.png>]
<../images/Learning_Curve_SAC_DE_Source.png, id=266, 462.528pt x 346.896pt>
File: ../images/Learning_Curve_SAC_DE_Source.png Graphic file (type png)
<use ../images/Learning_Curve_SAC_DE_Source.png>
Package pdftex.def Info: ../images/Learning_Curve_SAC_DE_Source.png  used on input line 534.
(pdftex.def)             Requested size: 203.83417pt x 152.87819pt.
<../images/Learning_Curve_SAC_DE_Target.png, id=267, 462.528pt x 346.896pt>
File: ../images/Learning_Curve_SAC_DE_Target.png Graphic file (type png)
<use ../images/Learning_Curve_SAC_DE_Target.png>
Package pdftex.def Info: ../images/Learning_Curve_SAC_DE_Target.png  used on input line 541.
(pdftex.def)             Requested size: 203.83417pt x 152.87819pt.
<../images/Learning_Curve_PPO_DE_Source.png, id=268, 462.528pt x 346.896pt>
File: ../images/Learning_Curve_PPO_DE_Source.png Graphic file (type png)
<use ../images/Learning_Curve_PPO_DE_Source.png>
Package pdftex.def Info: ../images/Learning_Curve_PPO_DE_Source.png  used on input line 548.
(pdftex.def)             Requested size: 203.83417pt x 152.87819pt.
<../images/Learning_Curve_PPO_DE_Target.png, id=269, 462.528pt x 346.896pt>
File: ../images/Learning_Curve_PPO_DE_Target.png Graphic file (type png)
<use ../images/Learning_Curve_PPO_DE_Target.png>
Package pdftex.def Info: ../images/Learning_Curve_PPO_DE_Target.png  used on input line 555.
(pdftex.def)             Requested size: 203.83417pt x 152.87819pt.


[20]

[21
pdfTeX warning (ext4): destination with the same identifier (name{figure.25}) has been already used, duplicate ignored
<argument> ...shipout:D \box_use:N \l_shipout_box 
                                                  \__shipout_drop_firstpage_...
l.581 
      
pdfTeX warning (ext4): destination with the same identifier (name{figure.26}) has been already used, duplicate ignored
<argument> ...shipout:D \box_use:N \l_shipout_box 
                                                  \__shipout_drop_firstpage_...
l.581 
      
pdfTeX warning (ext4): destination with the same identifier (name{figure.27}) has been already used, duplicate ignored
<argument> ...shipout:D \box_use:N \l_shipout_box 
                                                  \__shipout_drop_firstpage_...
l.581 
      
pdfTeX warning (ext4): destination with the same identifier (name{figure.28}) has been already used, duplicate ignored
<argument> ...shipout:D \box_use:N \l_shipout_box 
                                                  \__shipout_drop_firstpage_...
l.581 
      
pdfTeX warning (ext4): destination with the same identifier (name{table.7}) has been already used, duplicate ignored
<argument> ...shipout:D \box_use:N \l_shipout_box 
                                                  \__shipout_drop_firstpage_...
l.581 
       <../images/Learning_Curve_SAC_DE_Source.png> <../images/Learning_Curve_SAC_DE_Target.png> <../images/Learning_Curve_PPO_DE_Source.png> <../images/Learning_Curve_PPO_DE_Target.png>]

[22]

[23] (Project_Work_Report.aux)
 ***********
LaTeX2e <2024-11-01>
L3 programming layer <2024-11-02>
 ***********
Package rerunfilecheck Info: File `Project_Work_Report.out' has not changed.
(rerunfilecheck)             Checksum: 5608A1F18C0754A2E2EFEA2CCBAC8D7B;4134.
 ) 
Here is how much of TeX's memory you used:
 10049 strings out of 473682
 164019 string characters out of 5719216
 562897 words of memory out of 5000000
 32944 multiletter control sequences out of 15000+600000
 566169 words of font info for 64 fonts, out of 8000000 for 9000
 1141 hyphenation exceptions out of 8191
 75i,9n,79p,2319b,561s stack positions out of 10000i,1000n,20000p,200000b,200000s
 <C:\Users\lucai\AppData\Local\MiKTeX\fonts/pk/ljfour/jknappen/ec/dpi600\tcrm1200.pk><C:/Users/lucai/AppData/Local/Programs/MiKTeX/fonts/type1/public/amsfonts/cm/cmbx10.pfb><C:/Users/lucai/AppData/Local/Programs/MiKTeX/fonts/type1/public/amsfonts/cm/cmbx12.pfb><C:/Users/lucai/AppData/Local/Programs/MiKTeX/fonts/type1/public/amsfonts/cm/cmr10.pfb><C:/Users/lucai/AppData/Local/Programs/MiKTeX/fonts/type1/public/amsfonts/cm/cmr12.pfb><C:/Users/lucai/AppData/Local/Programs/MiKTeX/fonts/type1/public/amsfonts/cm/cmr17.pfb><C:/Users/lucai/AppData/Local/Programs/MiKTeX/fonts/type1/public/amsfonts/cm/cmsy10.pfb><C:/Users/lucai/AppData/Local/Programs/MiKTeX/fonts/type1/public/amsfonts/cm/cmti10.pfb><C:/Users/lucai/AppData/Local/Programs/MiKTeX/fonts/type1/public/amsfonts/cm/cmti12.pfb><C:/Users/lucai/AppData/Local/Programs/MiKTeX/fonts/type1/public/amsfonts/cm/cmtt12.pfb>
Output written on Project_Work_Report.pdf (23 pages, 848342 bytes).
PDF statistics:
 361 PDF objects out of 1000 (max. 8388607)
 87 named destinations out of 1000 (max. 500000)
 280 words of extra memory for PDF output out of 10000 (max. 10000000)

